2019-11-27 16:15:39,637 [Worker-4: Loading available Gradle versions] INFO  o.e.b.c.i.u.g.PublishedGradleVersions - Gradle version information cache is out-of-date. Trying to update.
2019-12-03 10:38:08,431 [Worker-6: Loading available Gradle versions] INFO  o.e.b.c.i.u.g.PublishedGradleVersions - Gradle version information cache is up-to-date. Trying to read.
2019-12-03 10:42:59,068 [ModalContext] INFO  o.e.m.c.i.e.AbstractTransferListenerAdapter - Downloading https://repo.maven.apache.org/maven2/org/apache/maven/plugins/maven-enforcer-plugin/3.0.0-M2/maven-enforcer-plugin-3.0.0-M2.pom
2019-12-03 10:42:59,285 [ModalContext] INFO  o.e.m.c.i.e.AbstractTransferListenerAdapter - Downloaded https://repo.maven.apache.org/maven2/org/apache/maven/plugins/maven-enforcer-plugin/3.0.0-M2/maven-enforcer-plugin-3.0.0-M2.pom
2019-12-03 10:42:59,516 [ModalContext] INFO  o.e.m.c.i.e.AbstractTransferListenerAdapter - Downloading https://repo.maven.apache.org/maven2/org/apache/maven/enforcer/enforcer/3.0.0-M2/enforcer-3.0.0-M2.pom
2019-12-03 10:42:59,688 [ModalContext] INFO  o.e.m.c.i.e.AbstractTransferListenerAdapter - Downloaded https://repo.maven.apache.org/maven2/org/apache/maven/enforcer/enforcer/3.0.0-M2/enforcer-3.0.0-M2.pom
2019-12-03 10:42:59,892 [ModalContext] INFO  o.e.m.c.i.e.AbstractTransferListenerAdapter - Downloading https://repo.maven.apache.org/maven2/org/apache/maven/plugins/maven-enforcer-plugin/3.0.0-M2/maven-enforcer-plugin-3.0.0-M2.jar
2019-12-03 10:43:00,191 [ModalContext] INFO  o.e.m.c.i.e.AbstractTransferListenerAdapter - Downloaded https://repo.maven.apache.org/maven2/org/apache/maven/plugins/maven-enforcer-plugin/3.0.0-M2/maven-enforcer-plugin-3.0.0-M2.jar
2019-12-03 10:43:03,752 [ModalContext] INFO  o.e.m.c.i.l.LifecycleMappingFactory - Using org.maven.ide.eclipse.wtp.WarLifecycleMapping lifecycle mapping for MavenProject: com:searching.algorithms:0.1.0-SNAPSHOT @ C:\Users\pratyushd\DSAlgoWS\Searching\pom.xml.
2019-12-03 10:43:05,987 [ModalContext] INFO  o.e.m.j.i.AbstractJavaProjectConfigurator - Adding source folder /Searching/src/main/java
2019-12-03 10:43:06,001 [ModalContext] INFO  o.e.m.j.i.AbstractJavaProjectConfigurator - Adding source folder /Searching/src/test/java
2019-12-03 10:43:07,033 [Worker-18: Updating Maven Dependencies] INFO  o.e.m.c.i.l.LifecycleMappingFactory - Using org.maven.ide.eclipse.wtp.WarLifecycleMapping lifecycle mapping for MavenProject: com:searching.algorithms:0.1.0-SNAPSHOT @ C:\Users\pratyushd\DSAlgoWS\Searching\pom.xml.
2019-12-03 11:56:59,769 [Worker-45: Launching BinarySearch] INFO  o.e.m.c.i.embedder.EclipseLogger - Using 'UTF-8' encoding to copy filtered resources.
2019-12-03 11:56:59,770 [Worker-45: Launching BinarySearch] INFO  o.e.m.c.i.embedder.EclipseLogger - skip non existing resourceDirectory C:\Users\pratyushd\DSAlgoWS\Searching\src\main\resources
2019-12-03 11:56:59,771 [Worker-45: Launching BinarySearch] INFO  o.e.m.c.i.embedder.EclipseLogger - Using 'UTF-8' encoding to copy filtered resources.
2019-12-03 11:56:59,772 [Worker-45: Launching BinarySearch] INFO  o.e.m.c.i.embedder.EclipseLogger - skip non existing resourceDirectory C:\Users\pratyushd\DSAlgoWS\Searching\src\test\resources
2019-12-03 15:34:10,944 [ModalContext] INFO  o.e.m.c.i.l.LifecycleMappingFactory - Using org.maven.ide.eclipse.wtp.WarLifecycleMapping lifecycle mapping for MavenProject: com:sorting.example:0.1.0-SNAPSHOT @ C:\Users\pratyushd\DSAlgoWS\Sorting\pom.xml.
2019-12-03 15:34:11,366 [ModalContext] INFO  o.e.m.j.i.AbstractJavaProjectConfigurator - Adding source folder /Sorting/src/main/java
2019-12-03 15:34:11,376 [ModalContext] INFO  o.e.m.j.i.AbstractJavaProjectConfigurator - Adding source folder /Sorting/src/test/java
2019-12-03 15:46:59,470 [Worker-106: Launching BinarySearchRecursive] INFO  o.e.m.c.i.embedder.EclipseLogger - Using 'UTF-8' encoding to copy filtered resources.
2019-12-03 15:46:59,470 [Worker-106: Launching BinarySearchRecursive] INFO  o.e.m.c.i.embedder.EclipseLogger - skip non existing resourceDirectory C:\Users\pratyushd\DSAlgoWS\Searching\src\main\resources
2019-12-03 15:46:59,475 [Worker-106: Launching BinarySearchRecursive] INFO  o.e.m.c.i.embedder.EclipseLogger - Using 'UTF-8' encoding to copy filtered resources.
2019-12-03 15:46:59,479 [Worker-106: Launching BinarySearchRecursive] INFO  o.e.m.c.i.embedder.EclipseLogger - skip non existing resourceDirectory C:\Users\pratyushd\DSAlgoWS\Searching\src\test\resources
2019-12-03 16:04:08,515 [Worker-112: Launching ParallelSort] INFO  o.e.m.c.i.l.LifecycleMappingFactory - Using org.maven.ide.eclipse.wtp.WarLifecycleMapping lifecycle mapping for MavenProject: com:sorting.example:0.1.0-SNAPSHOT @ C:\Users\pratyushd\DSAlgoWS\Sorting\pom.xml.
2019-12-03 16:04:08,936 [Worker-112: Launching ParallelSort] INFO  o.e.m.c.i.embedder.EclipseLogger - Using 'UTF-8' encoding to copy filtered resources.
2019-12-03 16:04:08,942 [Worker-112: Launching ParallelSort] INFO  o.e.m.c.i.embedder.EclipseLogger - skip non existing resourceDirectory C:\Users\pratyushd\DSAlgoWS\Sorting\src\main\resources
2019-12-03 16:04:08,947 [Worker-112: Launching ParallelSort] INFO  o.e.m.c.i.embedder.EclipseLogger - Using 'UTF-8' encoding to copy filtered resources.
2019-12-03 16:04:08,951 [Worker-112: Launching ParallelSort] INFO  o.e.m.c.i.embedder.EclipseLogger - skip non existing resourceDirectory C:\Users\pratyushd\DSAlgoWS\Sorting\src\test\resources
2019-12-03 16:04:45,644 [Worker-112: Launching ParallelSort] INFO  o.e.m.c.i.embedder.EclipseLogger - Using 'UTF-8' encoding to copy filtered resources.
2019-12-03 16:04:45,648 [Worker-112: Launching ParallelSort] INFO  o.e.m.c.i.embedder.EclipseLogger - skip non existing resourceDirectory C:\Users\pratyushd\DSAlgoWS\Sorting\src\main\resources
2019-12-03 16:04:45,653 [Worker-112: Launching ParallelSort] INFO  o.e.m.c.i.embedder.EclipseLogger - Using 'UTF-8' encoding to copy filtered resources.
2019-12-03 16:04:45,657 [Worker-112: Launching ParallelSort] INFO  o.e.m.c.i.embedder.EclipseLogger - skip non existing resourceDirectory C:\Users\pratyushd\DSAlgoWS\Sorting\src\test\resources
2019-12-03 16:55:05,863 [Worker-134: Launching BubbleSort] INFO  o.e.m.c.i.embedder.EclipseLogger - Using 'UTF-8' encoding to copy filtered resources.
2019-12-03 16:55:05,864 [Worker-134: Launching BubbleSort] INFO  o.e.m.c.i.embedder.EclipseLogger - skip non existing resourceDirectory C:\Users\pratyushd\DSAlgoWS\Sorting\src\main\resources
2019-12-03 16:55:05,869 [Worker-134: Launching BubbleSort] INFO  o.e.m.c.i.embedder.EclipseLogger - Using 'UTF-8' encoding to copy filtered resources.
2019-12-03 16:55:05,873 [Worker-134: Launching BubbleSort] INFO  o.e.m.c.i.embedder.EclipseLogger - skip non existing resourceDirectory C:\Users\pratyushd\DSAlgoWS\Sorting\src\test\resources
2019-12-03 16:55:28,494 [Worker-127: Launching BubbleSort] INFO  o.e.m.c.i.embedder.EclipseLogger - Using 'UTF-8' encoding to copy filtered resources.
2019-12-03 16:55:28,498 [Worker-127: Launching BubbleSort] INFO  o.e.m.c.i.embedder.EclipseLogger - skip non existing resourceDirectory C:\Users\pratyushd\DSAlgoWS\Sorting\src\main\resources
2019-12-03 16:55:28,503 [Worker-127: Launching BubbleSort] INFO  o.e.m.c.i.embedder.EclipseLogger - Using 'UTF-8' encoding to copy filtered resources.
2019-12-03 16:55:28,508 [Worker-127: Launching BubbleSort] INFO  o.e.m.c.i.embedder.EclipseLogger - skip non existing resourceDirectory C:\Users\pratyushd\DSAlgoWS\Sorting\src\test\resources
2019-12-03 16:56:19,082 [Worker-129: Launching BubbleSort] INFO  o.e.m.c.i.embedder.EclipseLogger - Using 'UTF-8' encoding to copy filtered resources.
2019-12-03 16:56:19,087 [Worker-129: Launching BubbleSort] INFO  o.e.m.c.i.embedder.EclipseLogger - skip non existing resourceDirectory C:\Users\pratyushd\DSAlgoWS\Sorting\src\main\resources
2019-12-03 16:56:19,092 [Worker-129: Launching BubbleSort] INFO  o.e.m.c.i.embedder.EclipseLogger - Using 'UTF-8' encoding to copy filtered resources.
2019-12-03 16:56:19,096 [Worker-129: Launching BubbleSort] INFO  o.e.m.c.i.embedder.EclipseLogger - skip non existing resourceDirectory C:\Users\pratyushd\DSAlgoWS\Sorting\src\test\resources
2019-12-03 16:56:41,861 [Worker-129: Launching BubbleSort] INFO  o.e.m.c.i.embedder.EclipseLogger - Using 'UTF-8' encoding to copy filtered resources.
2019-12-03 16:56:41,865 [Worker-129: Launching BubbleSort] INFO  o.e.m.c.i.embedder.EclipseLogger - skip non existing resourceDirectory C:\Users\pratyushd\DSAlgoWS\Sorting\src\main\resources
2019-12-03 16:56:41,869 [Worker-129: Launching BubbleSort] INFO  o.e.m.c.i.embedder.EclipseLogger - Using 'UTF-8' encoding to copy filtered resources.
2019-12-03 16:56:41,873 [Worker-129: Launching BubbleSort] INFO  o.e.m.c.i.embedder.EclipseLogger - skip non existing resourceDirectory C:\Users\pratyushd\DSAlgoWS\Sorting\src\test\resources
2019-12-03 17:10:09,419 [Worker-136: Launching RecursiveBubbleSort] INFO  o.e.m.c.i.embedder.EclipseLogger - Using 'UTF-8' encoding to copy filtered resources.
2019-12-03 17:10:09,424 [Worker-136: Launching RecursiveBubbleSort] INFO  o.e.m.c.i.embedder.EclipseLogger - skip non existing resourceDirectory C:\Users\pratyushd\DSAlgoWS\Sorting\src\main\resources
2019-12-03 17:10:09,431 [Worker-136: Launching RecursiveBubbleSort] INFO  o.e.m.c.i.embedder.EclipseLogger - Using 'UTF-8' encoding to copy filtered resources.
2019-12-03 17:10:09,436 [Worker-136: Launching RecursiveBubbleSort] INFO  o.e.m.c.i.embedder.EclipseLogger - skip non existing resourceDirectory C:\Users\pratyushd\DSAlgoWS\Sorting\src\test\resources
2019-12-03 17:10:24,503 [Worker-143: Launching RecursiveBubbleSort] INFO  o.e.m.c.i.embedder.EclipseLogger - Using 'UTF-8' encoding to copy filtered resources.
2019-12-03 17:10:24,507 [Worker-143: Launching RecursiveBubbleSort] INFO  o.e.m.c.i.embedder.EclipseLogger - skip non existing resourceDirectory C:\Users\pratyushd\DSAlgoWS\Sorting\src\main\resources
2019-12-03 17:10:24,512 [Worker-143: Launching RecursiveBubbleSort] INFO  o.e.m.c.i.embedder.EclipseLogger - Using 'UTF-8' encoding to copy filtered resources.
2019-12-03 17:10:24,516 [Worker-143: Launching RecursiveBubbleSort] INFO  o.e.m.c.i.embedder.EclipseLogger - skip non existing resourceDirectory C:\Users\pratyushd\DSAlgoWS\Sorting\src\test\resources
2019-12-03 17:10:54,346 [Worker-136: Launching RecursiveBubbleSort] INFO  o.e.m.c.i.embedder.EclipseLogger - Using 'UTF-8' encoding to copy filtered resources.
2019-12-03 17:10:54,350 [Worker-136: Launching RecursiveBubbleSort] INFO  o.e.m.c.i.embedder.EclipseLogger - skip non existing resourceDirectory C:\Users\pratyushd\DSAlgoWS\Sorting\src\main\resources
2019-12-03 17:10:54,354 [Worker-136: Launching RecursiveBubbleSort] INFO  o.e.m.c.i.embedder.EclipseLogger - Using 'UTF-8' encoding to copy filtered resources.
2019-12-03 17:10:54,358 [Worker-136: Launching RecursiveBubbleSort] INFO  o.e.m.c.i.embedder.EclipseLogger - skip non existing resourceDirectory C:\Users\pratyushd\DSAlgoWS\Sorting\src\test\resources
2019-12-03 17:11:05,929 [Worker-130: Launching RecursiveBubbleSort] INFO  o.e.m.c.i.embedder.EclipseLogger - Using 'UTF-8' encoding to copy filtered resources.
2019-12-03 17:11:05,934 [Worker-130: Launching RecursiveBubbleSort] INFO  o.e.m.c.i.embedder.EclipseLogger - skip non existing resourceDirectory C:\Users\pratyushd\DSAlgoWS\Sorting\src\main\resources
2019-12-03 17:11:05,938 [Worker-130: Launching RecursiveBubbleSort] INFO  o.e.m.c.i.embedder.EclipseLogger - Using 'UTF-8' encoding to copy filtered resources.
2019-12-03 17:11:05,942 [Worker-130: Launching RecursiveBubbleSort] INFO  o.e.m.c.i.embedder.EclipseLogger - skip non existing resourceDirectory C:\Users\pratyushd\DSAlgoWS\Sorting\src\test\resources
2019-12-03 17:11:54,224 [Worker-143: Launching RecursiveBubbleSort] INFO  o.e.m.c.i.embedder.EclipseLogger - Using 'UTF-8' encoding to copy filtered resources.
2019-12-03 17:11:54,229 [Worker-143: Launching RecursiveBubbleSort] INFO  o.e.m.c.i.embedder.EclipseLogger - skip non existing resourceDirectory C:\Users\pratyushd\DSAlgoWS\Sorting\src\main\resources
2019-12-03 17:11:54,234 [Worker-143: Launching RecursiveBubbleSort] INFO  o.e.m.c.i.embedder.EclipseLogger - Using 'UTF-8' encoding to copy filtered resources.
2019-12-03 17:11:54,238 [Worker-143: Launching RecursiveBubbleSort] INFO  o.e.m.c.i.embedder.EclipseLogger - skip non existing resourceDirectory C:\Users\pratyushd\DSAlgoWS\Sorting\src\test\resources
2019-12-03 17:13:42,844 [Worker-141: Launching RecursiveBubbleSort] INFO  o.e.m.c.i.embedder.EclipseLogger - Using 'UTF-8' encoding to copy filtered resources.
2019-12-03 17:13:42,845 [Worker-141: Launching RecursiveBubbleSort] INFO  o.e.m.c.i.embedder.EclipseLogger - skip non existing resourceDirectory C:\Users\pratyushd\DSAlgoWS\Sorting\src\main\resources
2019-12-03 17:13:42,850 [Worker-141: Launching RecursiveBubbleSort] INFO  o.e.m.c.i.embedder.EclipseLogger - Using 'UTF-8' encoding to copy filtered resources.
2019-12-03 17:13:42,854 [Worker-141: Launching RecursiveBubbleSort] INFO  o.e.m.c.i.embedder.EclipseLogger - skip non existing resourceDirectory C:\Users\pratyushd\DSAlgoWS\Sorting\src\test\resources
2019-12-03 17:14:12,646 [Worker-145: Build Project] INFO  o.e.m.c.i.embedder.EclipseLogger - Using 'UTF-8' encoding to copy filtered resources.
2019-12-03 17:14:12,651 [Worker-145: Build Project] INFO  o.e.m.c.i.embedder.EclipseLogger - skip non existing resourceDirectory C:\Users\pratyushd\DSAlgoWS\Sorting\src\main\resources
2019-12-03 17:14:12,655 [Worker-145: Build Project] INFO  o.e.m.c.i.embedder.EclipseLogger - Using 'UTF-8' encoding to copy filtered resources.
2019-12-03 17:14:12,659 [Worker-145: Build Project] INFO  o.e.m.c.i.embedder.EclipseLogger - skip non existing resourceDirectory C:\Users\pratyushd\DSAlgoWS\Sorting\src\test\resources
2019-12-03 17:15:15,009 [Worker-145: Launching RecursiveBubbleSort] INFO  o.e.m.c.i.embedder.EclipseLogger - Using 'UTF-8' encoding to copy filtered resources.
2019-12-03 17:15:15,014 [Worker-145: Launching RecursiveBubbleSort] INFO  o.e.m.c.i.embedder.EclipseLogger - skip non existing resourceDirectory C:\Users\pratyushd\DSAlgoWS\Sorting\src\main\resources
2019-12-03 17:15:15,018 [Worker-145: Launching RecursiveBubbleSort] INFO  o.e.m.c.i.embedder.EclipseLogger - Using 'UTF-8' encoding to copy filtered resources.
2019-12-03 17:15:15,022 [Worker-145: Launching RecursiveBubbleSort] INFO  o.e.m.c.i.embedder.EclipseLogger - skip non existing resourceDirectory C:\Users\pratyushd\DSAlgoWS\Sorting\src\test\resources
2019-12-03 17:17:45,980 [Worker-144: Launching RecursiveBubbleSort] INFO  o.e.m.c.i.embedder.EclipseLogger - Using 'UTF-8' encoding to copy filtered resources.
2019-12-03 17:17:45,985 [Worker-144: Launching RecursiveBubbleSort] INFO  o.e.m.c.i.embedder.EclipseLogger - skip non existing resourceDirectory C:\Users\pratyushd\DSAlgoWS\Sorting\src\main\resources
2019-12-03 17:17:45,991 [Worker-144: Launching RecursiveBubbleSort] INFO  o.e.m.c.i.embedder.EclipseLogger - Using 'UTF-8' encoding to copy filtered resources.
2019-12-03 17:17:45,995 [Worker-144: Launching RecursiveBubbleSort] INFO  o.e.m.c.i.embedder.EclipseLogger - skip non existing resourceDirectory C:\Users\pratyushd\DSAlgoWS\Sorting\src\test\resources
2019-12-03 17:20:40,742 [Worker-144: Launching RecursiveBubbleSort] INFO  o.e.m.c.i.embedder.EclipseLogger - Using 'UTF-8' encoding to copy filtered resources.
2019-12-03 17:20:40,746 [Worker-144: Launching RecursiveBubbleSort] INFO  o.e.m.c.i.embedder.EclipseLogger - skip non existing resourceDirectory C:\Users\pratyushd\DSAlgoWS\Sorting\src\main\resources
2019-12-03 17:20:40,751 [Worker-144: Launching RecursiveBubbleSort] INFO  o.e.m.c.i.embedder.EclipseLogger - Using 'UTF-8' encoding to copy filtered resources.
2019-12-03 17:20:40,755 [Worker-144: Launching RecursiveBubbleSort] INFO  o.e.m.c.i.embedder.EclipseLogger - skip non existing resourceDirectory C:\Users\pratyushd\DSAlgoWS\Sorting\src\test\resources
2019-12-03 17:21:05,123 [Worker-150: Launching RecursiveBubbleSort] INFO  o.e.m.c.i.embedder.EclipseLogger - Using 'UTF-8' encoding to copy filtered resources.
2019-12-03 17:21:05,128 [Worker-150: Launching RecursiveBubbleSort] INFO  o.e.m.c.i.embedder.EclipseLogger - skip non existing resourceDirectory C:\Users\pratyushd\DSAlgoWS\Sorting\src\main\resources
2019-12-03 17:21:05,133 [Worker-150: Launching RecursiveBubbleSort] INFO  o.e.m.c.i.embedder.EclipseLogger - Using 'UTF-8' encoding to copy filtered resources.
2019-12-03 17:21:05,138 [Worker-150: Launching RecursiveBubbleSort] INFO  o.e.m.c.i.embedder.EclipseLogger - skip non existing resourceDirectory C:\Users\pratyushd\DSAlgoWS\Sorting\src\test\resources
2019-12-03 17:24:34,001 [Worker-150: Launching RecursiveBubbleSort] INFO  o.e.m.c.i.embedder.EclipseLogger - Using 'UTF-8' encoding to copy filtered resources.
2019-12-03 17:24:34,005 [Worker-150: Launching RecursiveBubbleSort] INFO  o.e.m.c.i.embedder.EclipseLogger - skip non existing resourceDirectory C:\Users\pratyushd\DSAlgoWS\Sorting\src\main\resources
2019-12-03 17:24:34,009 [Worker-150: Launching RecursiveBubbleSort] INFO  o.e.m.c.i.embedder.EclipseLogger - Using 'UTF-8' encoding to copy filtered resources.
2019-12-03 17:24:34,013 [Worker-150: Launching RecursiveBubbleSort] INFO  o.e.m.c.i.embedder.EclipseLogger - skip non existing resourceDirectory C:\Users\pratyushd\DSAlgoWS\Sorting\src\test\resources
2019-12-03 17:27:44,122 [Worker-157: Launching RecursiveBubbleSort] INFO  o.e.m.c.i.embedder.EclipseLogger - Using 'UTF-8' encoding to copy filtered resources.
2019-12-03 17:27:44,126 [Worker-157: Launching RecursiveBubbleSort] INFO  o.e.m.c.i.embedder.EclipseLogger - skip non existing resourceDirectory C:\Users\pratyushd\DSAlgoWS\Sorting\src\main\resources
2019-12-03 17:27:44,133 [Worker-157: Launching RecursiveBubbleSort] INFO  o.e.m.c.i.embedder.EclipseLogger - Using 'UTF-8' encoding to copy filtered resources.
2019-12-03 17:27:44,139 [Worker-157: Launching RecursiveBubbleSort] INFO  o.e.m.c.i.embedder.EclipseLogger - skip non existing resourceDirectory C:\Users\pratyushd\DSAlgoWS\Sorting\src\test\resources
2019-12-03 17:28:41,568 [Worker-158: Launching RecursiveBubbleSort] INFO  o.e.m.c.i.embedder.EclipseLogger - Using 'UTF-8' encoding to copy filtered resources.
2019-12-03 17:28:41,572 [Worker-158: Launching RecursiveBubbleSort] INFO  o.e.m.c.i.embedder.EclipseLogger - skip non existing resourceDirectory C:\Users\pratyushd\DSAlgoWS\Sorting\src\main\resources
2019-12-03 17:28:41,577 [Worker-158: Launching RecursiveBubbleSort] INFO  o.e.m.c.i.embedder.EclipseLogger - Using 'UTF-8' encoding to copy filtered resources.
2019-12-03 17:28:41,581 [Worker-158: Launching RecursiveBubbleSort] INFO  o.e.m.c.i.embedder.EclipseLogger - skip non existing resourceDirectory C:\Users\pratyushd\DSAlgoWS\Sorting\src\test\resources
2019-12-04 10:43:09,859 [Worker-341: Launching RecursiveInsertionSort] INFO  o.e.m.c.i.embedder.EclipseLogger - Using 'UTF-8' encoding to copy filtered resources.
2019-12-04 10:43:09,859 [Worker-341: Launching RecursiveInsertionSort] INFO  o.e.m.c.i.embedder.EclipseLogger - skip non existing resourceDirectory C:\Users\pratyushd\DSAlgoWS\Sorting\src\main\resources
2019-12-04 10:43:09,863 [Worker-341: Launching RecursiveInsertionSort] INFO  o.e.m.c.i.embedder.EclipseLogger - Using 'UTF-8' encoding to copy filtered resources.
2019-12-04 10:43:09,867 [Worker-341: Launching RecursiveInsertionSort] INFO  o.e.m.c.i.embedder.EclipseLogger - skip non existing resourceDirectory C:\Users\pratyushd\DSAlgoWS\Sorting\src\test\resources
2019-12-04 11:21:19,331 [Worker-361: Launching MergeSort] INFO  o.e.m.c.i.embedder.EclipseLogger - Using 'UTF-8' encoding to copy filtered resources.
2019-12-04 11:21:19,331 [Worker-361: Launching MergeSort] INFO  o.e.m.c.i.embedder.EclipseLogger - skip non existing resourceDirectory C:\Users\pratyushd\DSAlgoWS\Sorting\src\main\resources
2019-12-04 11:21:19,335 [Worker-361: Launching MergeSort] INFO  o.e.m.c.i.embedder.EclipseLogger - Using 'UTF-8' encoding to copy filtered resources.
2019-12-04 11:21:19,340 [Worker-361: Launching MergeSort] INFO  o.e.m.c.i.embedder.EclipseLogger - skip non existing resourceDirectory C:\Users\pratyushd\DSAlgoWS\Sorting\src\test\resources
2019-12-04 11:55:42,359 [Worker-378: Launching QuickSort] INFO  o.e.m.c.i.embedder.EclipseLogger - Using 'UTF-8' encoding to copy filtered resources.
2019-12-04 11:55:42,360 [Worker-378: Launching QuickSort] INFO  o.e.m.c.i.embedder.EclipseLogger - skip non existing resourceDirectory C:\Users\pratyushd\DSAlgoWS\Sorting\src\main\resources
2019-12-04 11:55:42,365 [Worker-378: Launching QuickSort] INFO  o.e.m.c.i.embedder.EclipseLogger - Using 'UTF-8' encoding to copy filtered resources.
2019-12-04 11:55:42,369 [Worker-378: Launching QuickSort] INFO  o.e.m.c.i.embedder.EclipseLogger - skip non existing resourceDirectory C:\Users\pratyushd\DSAlgoWS\Sorting\src\test\resources
2019-12-04 13:39:42,703 [Worker-384: Launching KthSmallestQuickSelect] INFO  o.e.m.c.i.embedder.EclipseLogger - Using 'UTF-8' encoding to copy filtered resources.
2019-12-04 13:39:42,703 [Worker-384: Launching KthSmallestQuickSelect] INFO  o.e.m.c.i.embedder.EclipseLogger - skip non existing resourceDirectory C:\Users\pratyushd\DSAlgoWS\Searching\src\main\resources
2019-12-04 13:39:42,708 [Worker-384: Launching KthSmallestQuickSelect] INFO  o.e.m.c.i.embedder.EclipseLogger - Using 'UTF-8' encoding to copy filtered resources.
2019-12-04 13:39:42,713 [Worker-384: Launching KthSmallestQuickSelect] INFO  o.e.m.c.i.embedder.EclipseLogger - skip non existing resourceDirectory C:\Users\pratyushd\DSAlgoWS\Searching\src\test\resources
2019-12-04 13:40:40,465 [Worker-391: Launching KthSmallestQuickSelect] INFO  o.e.m.c.i.embedder.EclipseLogger - Using 'UTF-8' encoding to copy filtered resources.
2019-12-04 13:40:40,470 [Worker-391: Launching KthSmallestQuickSelect] INFO  o.e.m.c.i.embedder.EclipseLogger - skip non existing resourceDirectory C:\Users\pratyushd\DSAlgoWS\Searching\src\main\resources
2019-12-04 13:40:40,475 [Worker-391: Launching KthSmallestQuickSelect] INFO  o.e.m.c.i.embedder.EclipseLogger - Using 'UTF-8' encoding to copy filtered resources.
2019-12-04 13:40:40,479 [Worker-391: Launching KthSmallestQuickSelect] INFO  o.e.m.c.i.embedder.EclipseLogger - skip non existing resourceDirectory C:\Users\pratyushd\DSAlgoWS\Searching\src\test\resources
2019-12-04 13:41:29,047 [Worker-384: Launching KthSmallestQuickSelect] INFO  o.e.m.c.i.embedder.EclipseLogger - Using 'UTF-8' encoding to copy filtered resources.
2019-12-04 13:41:29,052 [Worker-384: Launching KthSmallestQuickSelect] INFO  o.e.m.c.i.embedder.EclipseLogger - skip non existing resourceDirectory C:\Users\pratyushd\DSAlgoWS\Searching\src\main\resources
2019-12-04 13:41:29,057 [Worker-384: Launching KthSmallestQuickSelect] INFO  o.e.m.c.i.embedder.EclipseLogger - Using 'UTF-8' encoding to copy filtered resources.
2019-12-04 13:41:29,061 [Worker-384: Launching KthSmallestQuickSelect] INFO  o.e.m.c.i.embedder.EclipseLogger - skip non existing resourceDirectory C:\Users\pratyushd\DSAlgoWS\Searching\src\test\resources
2019-12-04 13:55:24,556 [Worker-397: Launching KthSmallestQuickSelect] INFO  o.e.m.c.i.embedder.EclipseLogger - Using 'UTF-8' encoding to copy filtered resources.
2019-12-04 13:55:24,560 [Worker-397: Launching KthSmallestQuickSelect] INFO  o.e.m.c.i.embedder.EclipseLogger - skip non existing resourceDirectory C:\Users\pratyushd\DSAlgoWS\Searching\src\main\resources
2019-12-04 13:55:24,565 [Worker-397: Launching KthSmallestQuickSelect] INFO  o.e.m.c.i.embedder.EclipseLogger - Using 'UTF-8' encoding to copy filtered resources.
2019-12-04 13:55:24,570 [Worker-397: Launching KthSmallestQuickSelect] INFO  o.e.m.c.i.embedder.EclipseLogger - skip non existing resourceDirectory C:\Users\pratyushd\DSAlgoWS\Searching\src\test\resources
2019-12-04 13:59:08,719 [Worker-398: Launching KthSmallestQuickSelect] INFO  o.e.m.c.i.embedder.EclipseLogger - Using 'UTF-8' encoding to copy filtered resources.
2019-12-04 13:59:08,723 [Worker-398: Launching KthSmallestQuickSelect] INFO  o.e.m.c.i.embedder.EclipseLogger - skip non existing resourceDirectory C:\Users\pratyushd\DSAlgoWS\Searching\src\main\resources
2019-12-04 13:59:08,728 [Worker-398: Launching KthSmallestQuickSelect] INFO  o.e.m.c.i.embedder.EclipseLogger - Using 'UTF-8' encoding to copy filtered resources.
2019-12-04 13:59:08,733 [Worker-398: Launching KthSmallestQuickSelect] INFO  o.e.m.c.i.embedder.EclipseLogger - skip non existing resourceDirectory C:\Users\pratyushd\DSAlgoWS\Searching\src\test\resources
2019-12-04 14:36:29,988 [ModalContext] INFO  o.e.m.c.i.l.LifecycleMappingFactory - Using org.maven.ide.eclipse.wtp.WarLifecycleMapping lifecycle mapping for MavenProject: com:binarySearchTree.example:0.1.0-SNAPSHOT @ C:\Users\pratyushd\DSAlgoWS\BinarySearchTree\pom.xml.
2019-12-04 14:36:30,416 [ModalContext] INFO  o.e.m.j.i.AbstractJavaProjectConfigurator - Adding source folder /BinarySearchTree/src/main/java
2019-12-04 14:36:30,431 [ModalContext] INFO  o.e.m.j.i.AbstractJavaProjectConfigurator - Adding source folder /BinarySearchTree/src/test/java
2019-12-04 14:50:46,468 [Worker-400: Launching BST] INFO  o.e.m.c.i.l.LifecycleMappingFactory - Using org.maven.ide.eclipse.wtp.WarLifecycleMapping lifecycle mapping for MavenProject: com:binarySearchTree.example:0.1.0-SNAPSHOT @ C:\Users\pratyushd\DSAlgoWS\BinarySearchTree\pom.xml.
2019-12-04 14:50:46,851 [Worker-400: Launching BST] INFO  o.e.m.c.i.embedder.EclipseLogger - Using 'UTF-8' encoding to copy filtered resources.
2019-12-04 14:50:46,856 [Worker-400: Launching BST] INFO  o.e.m.c.i.embedder.EclipseLogger - skip non existing resourceDirectory C:\Users\pratyushd\DSAlgoWS\BinarySearchTree\src\main\resources
2019-12-04 14:50:46,861 [Worker-400: Launching BST] INFO  o.e.m.c.i.embedder.EclipseLogger - Using 'UTF-8' encoding to copy filtered resources.
2019-12-04 14:50:46,865 [Worker-400: Launching BST] INFO  o.e.m.c.i.embedder.EclipseLogger - skip non existing resourceDirectory C:\Users\pratyushd\DSAlgoWS\BinarySearchTree\src\test\resources
2019-12-04 14:51:16,715 [Worker-404: Launching BST] INFO  o.e.m.c.i.embedder.EclipseLogger - Using 'UTF-8' encoding to copy filtered resources.
2019-12-04 14:51:16,720 [Worker-404: Launching BST] INFO  o.e.m.c.i.embedder.EclipseLogger - skip non existing resourceDirectory C:\Users\pratyushd\DSAlgoWS\BinarySearchTree\src\main\resources
2019-12-04 14:51:16,725 [Worker-404: Launching BST] INFO  o.e.m.c.i.embedder.EclipseLogger - Using 'UTF-8' encoding to copy filtered resources.
2019-12-04 14:51:16,730 [Worker-404: Launching BST] INFO  o.e.m.c.i.embedder.EclipseLogger - skip non existing resourceDirectory C:\Users\pratyushd\DSAlgoWS\BinarySearchTree\src\test\resources
2019-12-04 15:27:47,369 [ModalContext] INFO  o.e.m.c.i.l.LifecycleMappingFactory - Using org.maven.ide.eclipse.wtp.WarLifecycleMapping lifecycle mapping for MavenProject: com:dynamicProgramming.example:0.1.0-SNAPSHOT @ C:\Users\pratyushd\DSAlgoWS\DynamicProgramming\pom.xml.
2019-12-04 15:27:47,733 [ModalContext] INFO  o.e.m.j.i.AbstractJavaProjectConfigurator - Adding source folder /DynamicProgramming/src/main/java
2019-12-04 15:27:47,747 [ModalContext] INFO  o.e.m.j.i.AbstractJavaProjectConfigurator - Adding source folder /DynamicProgramming/src/test/java
2019-12-04 15:52:23,656 [Worker-428: Launching RodCutting] INFO  o.e.m.c.i.l.LifecycleMappingFactory - Using org.maven.ide.eclipse.wtp.WarLifecycleMapping lifecycle mapping for MavenProject: com:dynamicProgramming.example:0.1.0-SNAPSHOT @ C:\Users\pratyushd\DSAlgoWS\DynamicProgramming\pom.xml.
2019-12-04 15:52:24,427 [Worker-428: Launching RodCutting] INFO  o.e.m.c.i.embedder.EclipseLogger - Using 'UTF-8' encoding to copy filtered resources.
2019-12-04 15:52:24,431 [Worker-428: Launching RodCutting] INFO  o.e.m.c.i.embedder.EclipseLogger - skip non existing resourceDirectory C:\Users\pratyushd\DSAlgoWS\DynamicProgramming\src\main\resources
2019-12-04 15:52:24,435 [Worker-428: Launching RodCutting] INFO  o.e.m.c.i.embedder.EclipseLogger - Using 'UTF-8' encoding to copy filtered resources.
2019-12-04 15:52:24,440 [Worker-428: Launching RodCutting] INFO  o.e.m.c.i.embedder.EclipseLogger - skip non existing resourceDirectory C:\Users\pratyushd\DSAlgoWS\DynamicProgramming\src\test\resources
2019-12-04 15:52:47,148 [Worker-430: Launching RodCutting] INFO  o.e.m.c.i.embedder.EclipseLogger - Using 'UTF-8' encoding to copy filtered resources.
2019-12-04 15:52:47,153 [Worker-430: Launching RodCutting] INFO  o.e.m.c.i.embedder.EclipseLogger - skip non existing resourceDirectory C:\Users\pratyushd\DSAlgoWS\DynamicProgramming\src\main\resources
2019-12-04 15:52:47,159 [Worker-430: Launching RodCutting] INFO  o.e.m.c.i.embedder.EclipseLogger - Using 'UTF-8' encoding to copy filtered resources.
2019-12-04 15:52:47,164 [Worker-430: Launching RodCutting] INFO  o.e.m.c.i.embedder.EclipseLogger - skip non existing resourceDirectory C:\Users\pratyushd\DSAlgoWS\DynamicProgramming\src\test\resources
2019-12-04 16:59:14,369 [Worker-438: Launching RodCuttingDP] INFO  o.e.m.c.i.embedder.EclipseLogger - Using 'UTF-8' encoding to copy filtered resources.
2019-12-04 16:59:14,369 [Worker-438: Launching RodCuttingDP] INFO  o.e.m.c.i.embedder.EclipseLogger - skip non existing resourceDirectory C:\Users\pratyushd\DSAlgoWS\DynamicProgramming\src\main\resources
2019-12-04 16:59:14,376 [Worker-438: Launching RodCuttingDP] INFO  o.e.m.c.i.embedder.EclipseLogger - Using 'UTF-8' encoding to copy filtered resources.
2019-12-04 16:59:14,381 [Worker-438: Launching RodCuttingDP] INFO  o.e.m.c.i.embedder.EclipseLogger - skip non existing resourceDirectory C:\Users\pratyushd\DSAlgoWS\DynamicProgramming\src\test\resources
2019-12-04 17:13:27,457 [Worker-451: Launching LongestCommonSubsequence] INFO  o.e.m.c.i.embedder.EclipseLogger - Using 'UTF-8' encoding to copy filtered resources.
2019-12-04 17:13:27,463 [Worker-451: Launching LongestCommonSubsequence] INFO  o.e.m.c.i.embedder.EclipseLogger - skip non existing resourceDirectory C:\Users\pratyushd\DSAlgoWS\DynamicProgramming\src\main\resources
2019-12-04 17:13:27,468 [Worker-451: Launching LongestCommonSubsequence] INFO  o.e.m.c.i.embedder.EclipseLogger - Using 'UTF-8' encoding to copy filtered resources.
2019-12-04 17:13:27,471 [Worker-451: Launching LongestCommonSubsequence] INFO  o.e.m.c.i.embedder.EclipseLogger - skip non existing resourceDirectory C:\Users\pratyushd\DSAlgoWS\DynamicProgramming\src\test\resources
2019-12-04 17:23:56,228 [Worker-446: Launching LongestCommonSubsequenceDP] INFO  o.e.m.c.i.embedder.EclipseLogger - Using 'UTF-8' encoding to copy filtered resources.
2019-12-04 17:23:56,228 [Worker-446: Launching LongestCommonSubsequenceDP] INFO  o.e.m.c.i.embedder.EclipseLogger - skip non existing resourceDirectory C:\Users\pratyushd\DSAlgoWS\DynamicProgramming\src\main\resources
2019-12-04 17:23:56,233 [Worker-446: Launching LongestCommonSubsequenceDP] INFO  o.e.m.c.i.embedder.EclipseLogger - Using 'UTF-8' encoding to copy filtered resources.
2019-12-04 17:23:56,238 [Worker-446: Launching LongestCommonSubsequenceDP] INFO  o.e.m.c.i.embedder.EclipseLogger - skip non existing resourceDirectory C:\Users\pratyushd\DSAlgoWS\DynamicProgramming\src\test\resources
2019-12-04 17:32:24,218 [Worker-451: Launching LongestCommonSubsequenceDP] INFO  o.e.m.c.i.embedder.EclipseLogger - Using 'UTF-8' encoding to copy filtered resources.
2019-12-04 17:32:24,223 [Worker-451: Launching LongestCommonSubsequenceDP] INFO  o.e.m.c.i.embedder.EclipseLogger - skip non existing resourceDirectory C:\Users\pratyushd\DSAlgoWS\DynamicProgramming\src\main\resources
2019-12-04 17:32:24,227 [Worker-451: Launching LongestCommonSubsequenceDP] INFO  o.e.m.c.i.embedder.EclipseLogger - Using 'UTF-8' encoding to copy filtered resources.
2019-12-04 17:32:24,232 [Worker-451: Launching LongestCommonSubsequenceDP] INFO  o.e.m.c.i.embedder.EclipseLogger - skip non existing resourceDirectory C:\Users\pratyushd\DSAlgoWS\DynamicProgramming\src\test\resources
